<?xml version="1.0" encoding="UTF-8"?>
<!-- Generated by org.testng.reporters.JUnitReportReporter -->
<testsuite hostname="kls" failures="0" tests="1" name="tests.TestCase1" time="19.409" errors="0" timestamp="2021-07-04T17:44:15 IST" skipped="0">
  <testcase classname="tests.TestCase1" name="tc2" time="19.409"/>
  <system-out/>
</testsuite> <!-- tests.TestCase1 -->
